-1.7
-outxml
-source
1.7
-target
1.7
-classpath
C:\Users\mhallman\.m2\repository\org\springframework\spring-core\4.0.4.RELEASE\spring-core-4.0.4.RELEASE.jar;C:\Users\mhallman\.m2\repository\org\springframework\spring-aspects\4.0.4.RELEASE\spring-aspects-4.0.4.RELEASE.jar;C:\Users\mhallman\.m2\repository\org\springframework\spring-web\4.0.4.RELEASE\spring-web-4.0.4.RELEASE.jar;C:\Users\mhallman\.m2\repository\org\springframework\spring-webmvc\4.0.4.RELEASE\spring-webmvc-4.0.4.RELEASE.jar;C:\Users\mhallman\.m2\repository\org\springframework\spring-jdbc\4.0.4.RELEASE\spring-jdbc-4.0.4.RELEASE.jar;C:\Users\mhallman\.m2\repository\org\springframework\data\spring-data-jpa\1.5.2.RELEASE\spring-data-jpa-1.5.2.RELEASE.jar;C:\Users\mhallman\.m2\repository\javax\validation\validation-api\1.0.0.GA\validation-api-1.0.0.GA.jar;C:\Users\mhallman\.m2\repository\org\hibernate\hibernate-validator\4.3.1.Final\hibernate-validator-4.3.1.Final.jar;C:\Users\mhallman\.m2\repository\org\hibernate\hibernate-core\4.3.5.Final\hibernate-core-4.3.5.Final.jar;C:\Users\mhallman\.m2\repository\org\hibernate\hibernate-entitymanager\4.3.5.Final\hibernate-entitymanager-4.3.5.Final.jar;C:\Users\mhallman\.m2\repository\org\hibernate\javax\persistence\hibernate-jpa-2.1-api\1.0.0.Final\hibernate-jpa-2.1-api-1.0.0.Final.jar;C:\Users\mhallman\.m2\repository\org\springframework\spring-orm\4.0.4.RELEASE\spring-orm-4.0.4.RELEASE.jar;C:\Users\mhallman\.m2\repository\org\slf4j\jcl-over-slf4j\1.5.8\jcl-over-slf4j-1.5.8.jar;C:\Users\mhallman\.m2\repository\org\slf4j\slf4j-api\1.5.8\slf4j-api-1.5.8.jar;C:\Users\mhallman\.m2\repository\org\slf4j\slf4j-log4j12\1.5.8\slf4j-log4j12-1.5.8.jar;C:\Users\mhallman\.m2\repository\log4j\log4j\1.2.14\log4j-1.2.14.jar;C:\Users\mhallman\.m2\repository\org\aspectj\aspectjrt\1.7.4\aspectjrt-1.7.4.jar;C:\Users\mhallman\.m2\repository\cglib\cglib-nodep\2.2\cglib-nodep-2.2.jar;C:\Users\mhallman\.m2\repository\javax\inject\javax.inject\1\javax.inject-1.jar;C:\Users\mhallman\.m2\repository\postgresql\postgresql\9.1-901.jdbc4\postgresql-9.1-901.jdbc4.jar;C:\Users\mhallman\.m2\repository\commons-dbcp\commons-dbcp\1.4\commons-dbcp-1.4.jar;C:\Users\mhallman\.m2\repository\javax\servlet\javax.servlet-api\3.0.1\javax.servlet-api-3.0.1.jar;C:\Users\mhallman\.m2\repository\javax\servlet\jsp\jsp-api\2.2\jsp-api-2.2.jar;C:\Users\mhallman\.m2\repository\jstl\jstl\1.2\jstl-1.2.jar;C:\Users\mhallman\.m2\repository\org\codehaus\jackson\jackson-mapper-asl\1.9.9\jackson-mapper-asl-1.9.9.jar;C:\Users\mhallman\.m2\repository\org\apache\tiles\tiles-jsp\2.2.2\tiles-jsp-2.2.2.jar;C:\Users\mhallman\.m2\repository\org\apache\tiles\tiles-el\2.2.2\tiles-el-2.2.2.jar;C:\Users\mhallman\.m2\repository\org\apache\commons\commons-lang3\3.3.2\commons-lang3-3.3.2.jar;C:\Users\mhallman\.m2\repository\net\sf\opencsv\opencsv\2.3\opencsv-2.3.jar;C:\Users\mhallman\.m2\repository\org\apache\derby\derby\10.10.2.0\derby-10.10.2.0.jar;C:\Users\mhallman\.m2\repository\org\springframework\spring-test\4.0.4.RELEASE\spring-test-4.0.4.RELEASE.jar;C:\Users\mhallman\.m2\repository\junit\junit-dep\4.10\junit-dep-4.10.jar;C:\Users\mhallman\.m2\repository\org\hamcrest\hamcrest-library\1.3\hamcrest-library-1.3.jar;C:\Users\mhallman\.m2\repository\org\mockito\mockito-core\1.9.0\mockito-core-1.9.0.jar;C:\Users\mhallman\.m2\repository\org\apache\camel\camel-spring\2.13.2\camel-spring-2.13.2.jar;C:\Users\mhallman\.m2\repository\org\apache\camel\camel-spring-javaconfig\2.13.2\camel-spring-javaconfig-2.13.2.jar;C:\Users\mhallman\.m2\repository\org\apache\camel\camel-test-spring\2.13.2\camel-test-spring-2.13.2.jar;C:\Users\mhallman\.m2\repository\org\apache\camel\camel-sql\2.13.2\camel-sql-2.13.2.jar;C:\Users\mhallman\.m2\repository\com\sun\xml\bind\jaxb-impl\2.2.6\jaxb-impl-2.2.6.jar;C:\Users\mhallman\.m2\repository\org\aspectj\aspectjweaver\1.7.4\aspectjweaver-1.7.4.jar;C:\Users\mhallman\.m2\repository\org\springframework\spring-aop\4.0.4.RELEASE\spring-aop-4.0.4.RELEASE.jar;C:\Users\mhallman\.m2\repository\aopalliance\aopalliance\1.0\aopalliance-1.0.jar;C:\Users\mhallman\.m2\repository\org\springframework\spring-beans\4.0.4.RELEASE\spring-beans-4.0.4.RELEASE.jar;C:\Users\mhallman\.m2\repository\org\springframework\spring-context\4.0.4.RELEASE\spring-context-4.0.4.RELEASE.jar;C:\Users\mhallman\.m2\repository\org\springframework\spring-expression\4.0.4.RELEASE\spring-expression-4.0.4.RELEASE.jar;C:\Users\mhallman\.m2\repository\org\springframework\spring-tx\4.0.4.RELEASE\spring-tx-4.0.4.RELEASE.jar;C:\Users\mhallman\.m2\repository\org\springframework\data\spring-data-commons\1.7.2.RELEASE\spring-data-commons-1.7.2.RELEASE.jar;C:\Users\mhallman\.m2\repository\org\jboss\logging\jboss-logging\3.1.0.CR2\jboss-logging-3.1.0.CR2.jar;C:\Users\mhallman\.m2\repository\org\jboss\logging\jboss-logging-annotations\1.2.0.Beta1\jboss-logging-annotations-1.2.0.Beta1.jar;C:\Users\mhallman\.m2\repository\org\jboss\spec\javax\transaction\jboss-transaction-api_1.2_spec\1.0.0.Final\jboss-transaction-api_1.2_spec-1.0.0.Final.jar;C:\Users\mhallman\.m2\repository\dom4j\dom4j\1.6.1\dom4j-1.6.1.jar;C:\Users\mhallman\.m2\repository\xml-apis\xml-apis\1.0.b2\xml-apis-1.0.b2.jar;C:\Users\mhallman\.m2\repository\org\hibernate\common\hibernate-commons-annotations\4.0.4.Final\hibernate-commons-annotations-4.0.4.Final.jar;C:\Users\mhallman\.m2\repository\org\javassist\javassist\3.18.1-GA\javassist-3.18.1-GA.jar;C:\Users\mhallman\.m2\repository\antlr\antlr\2.7.7\antlr-2.7.7.jar;C:\Users\mhallman\.m2\repository\org\jboss\jandex\1.1.0.Final\jandex-1.1.0.Final.jar;C:\Users\mhallman\.m2\repository\commons-pool\commons-pool\1.5.4\commons-pool-1.5.4.jar;C:\Users\mhallman\.m2\repository\org\codehaus\jackson\jackson-core-asl\1.9.9\jackson-core-asl-1.9.9.jar;C:\Users\mhallman\.m2\repository\org\apache\tiles\tiles-servlet\2.2.2\tiles-servlet-2.2.2.jar;C:\Users\mhallman\.m2\repository\org\apache\tiles\tiles-template\2.2.2\tiles-template-2.2.2.jar;C:\Users\mhallman\.m2\repository\org\apache\tiles\tiles-api\2.2.2\tiles-api-2.2.2.jar;C:\Users\mhallman\.m2\repository\org\apache\tiles\tiles-core\2.2.2\tiles-core-2.2.2.jar;C:\Users\mhallman\.m2\repository\commons-digester\commons-digester\2.0\commons-digester-2.0.jar;C:\Users\mhallman\.m2\repository\commons-beanutils\commons-beanutils\1.8.0\commons-beanutils-1.8.0.jar;C:\Users\mhallman\.m2\repository\org\apache\camel\camel-core\2.13.2\camel-core-2.13.2.jar;C:\Users\mhallman\.m2\repository\org\apache\servicemix\bundles\org.apache.servicemix.bundles.cglib\2.1_3_7\org.apache.servicemix.bundles.cglib-2.1_3_7.jar;D:\programming\workspace\pluralsight-camel-intro\target\classes
-aspectpath
C:\Users\mhallman\.m2\repository\org\springframework\spring-aspects\4.0.4.RELEASE\spring-aspects-4.0.4.RELEASE.jar
-d
D:\programming\workspace\pluralsight-camel-intro\target\classes
D:\programming\workspace\pluralsight-camel-intro\src\main\java\com\pluralsight\orderfulfillment\catalog\CatalogItem.java
D:\programming\workspace\pluralsight-camel-intro\src\main\java\com\pluralsight\orderfulfillment\catalog\CatalogItemEntity.java
D:\programming\workspace\pluralsight-camel-intro\src\main\java\com\pluralsight\orderfulfillment\catalog\CatalogItemRepository.java
D:\programming\workspace\pluralsight-camel-intro\src\main\java\com\pluralsight\orderfulfillment\config\Application.java
D:\programming\workspace\pluralsight-camel-intro\src\main\java\com\pluralsight\orderfulfillment\config\DataConfig.java
D:\programming\workspace\pluralsight-camel-intro\src\main\java\com\pluralsight\orderfulfillment\config\IntegrationConfig.java
D:\programming\workspace\pluralsight-camel-intro\src\main\java\com\pluralsight\orderfulfillment\config\WebConfig.java
D:\programming\workspace\pluralsight-camel-intro\src\main\java\com\pluralsight\orderfulfillment\config\WebContextInitializer.java
D:\programming\workspace\pluralsight-camel-intro\src\main\java\com\pluralsight\orderfulfillment\customer\Customer.java
D:\programming\workspace\pluralsight-camel-intro\src\main\java\com\pluralsight\orderfulfillment\customer\CustomerEntity.java
D:\programming\workspace\pluralsight-camel-intro\src\main\java\com\pluralsight\orderfulfillment\customer\CustomerRepository.java
D:\programming\workspace\pluralsight-camel-intro\src\main\java\com\pluralsight\orderfulfillment\order\DefaultOrderService.java
D:\programming\workspace\pluralsight-camel-intro\src\main\java\com\pluralsight\orderfulfillment\order\fulfillment\FulfillmentCommand.java
D:\programming\workspace\pluralsight-camel-intro\src\main\java\com\pluralsight\orderfulfillment\order\fulfillment\FulfillmentContext.java
D:\programming\workspace\pluralsight-camel-intro\src\main\java\com\pluralsight\orderfulfillment\order\fulfillment\FulfillmentProcessor.java
D:\programming\workspace\pluralsight-camel-intro\src\main\java\com\pluralsight\orderfulfillment\order\fulfillment\NewOrderRetrievalCommand.java
D:\programming\workspace\pluralsight-camel-intro\src\main\java\com\pluralsight\orderfulfillment\order\fulfillment\NewOrderSendToFulfillmentCenterOneCommand.java
D:\programming\workspace\pluralsight-camel-intro\src\main\java\com\pluralsight\orderfulfillment\order\Order.java
D:\programming\workspace\pluralsight-camel-intro\src\main\java\com\pluralsight\orderfulfillment\order\OrderController.java
D:\programming\workspace\pluralsight-camel-intro\src\main\java\com\pluralsight\orderfulfillment\order\OrderEntity.java
D:\programming\workspace\pluralsight-camel-intro\src\main\java\com\pluralsight\orderfulfillment\order\OrderItem.java
D:\programming\workspace\pluralsight-camel-intro\src\main\java\com\pluralsight\orderfulfillment\order\OrderItemEntity.java
D:\programming\workspace\pluralsight-camel-intro\src\main\java\com\pluralsight\orderfulfillment\order\OrderItemMessageTranslator.java
D:\programming\workspace\pluralsight-camel-intro\src\main\java\com\pluralsight\orderfulfillment\order\OrderItemRepository.java
D:\programming\workspace\pluralsight-camel-intro\src\main\java\com\pluralsight\orderfulfillment\order\OrderRepository.java
D:\programming\workspace\pluralsight-camel-intro\src\main\java\com\pluralsight\orderfulfillment\order\OrderService.java
D:\programming\workspace\pluralsight-camel-intro\src\main\java\com\pluralsight\orderfulfillment\order\OrderStatus.java
D:\programming\workspace\pluralsight-camel-intro\target\generated-sources\jaxb\com\pluralsight\orderfulfillment\generated\FulfillmentCenter.java
D:\programming\workspace\pluralsight-camel-intro\target\generated-sources\jaxb\com\pluralsight\orderfulfillment\generated\ObjectFactory.java
D:\programming\workspace\pluralsight-camel-intro\target\generated-sources\jaxb\com\pluralsight\orderfulfillment\generated\Order.java
D:\programming\workspace\pluralsight-camel-intro\target\generated-sources\jaxb\com\pluralsight\orderfulfillment\generated\OrderItemType.java
D:\programming\workspace\pluralsight-camel-intro\target\generated-sources\jaxb\com\pluralsight\orderfulfillment\generated\OrderType.java
D:\programming\workspace\pluralsight-camel-intro\target\generated-sources\jaxb\com\pluralsight\orderfulfillment\generated\package-info.java
